<?xml version="1.0" encoding="UTF-8"?>
<robot generator="Robot 4.1.1 (Python 3.10.0 on win32)" generated="20211013 17:40:22.907" rpa="false" schemaversion="2">
<suite id="s1" name="loginApi" source="C:\qaninja\robot\api\test\loginApi.robot">
<kw name="Connect in API" library="resourceApi" type="SETUP">
<kw name="Create Session" library="RequestsLibrary">
<arg>APILojinha</arg>
<arg>${url_base}</arg>
<doc>Create Session: create a HTTP session to a server</doc>
<msg timestamp="20211013 17:40:23.556" level="INFO">Creating Session using : alias=APILojinha, url=http://165.227.93.41/lojinha, headers={},                     cookies={}, auth=None, timeout=None, proxies=None, verify=False,                     debug=0 </msg>
<status status="PASS" starttime="20211013 17:40:23.556" endtime="20211013 17:40:23.556"/>
</kw>
<status status="PASS" starttime="20211013 17:40:23.556" endtime="20211013 17:40:23.556"/>
</kw>
<test id="s1-t1" name="Cadastrar novo Produto (POST)">
<kw name="Register new product" library="resourceApi">
<kw name="Create Dictionary" library="BuiltIn">
<var>${HEADERS}</var>
<arg>content-type=application/json</arg>
<arg>token=${TOKEN}</arg>
<doc>Creates and returns a dictionary based on the given ``items``.</doc>
<msg timestamp="20211013 17:40:23.556" level="FAIL">Variable '${TOKEN}' not found.</msg>
<status status="FAIL" starttime="20211013 17:40:23.556" endtime="20211013 17:40:23.556"/>
</kw>
<kw name="Post Request" library="RequestsLibrary">
<var>${RESPOSTA_POST}</var>
<arg>APILojinha</arg>
<arg>uri=/produto</arg>
<arg>data= {"produtonome": "robot1",</arg>
<arg>"produtovalor": 10.00,</arg>
<arg>"produtocores": [ "laranja" ],</arg>
<arg>"componentes":</arg>
<arg>[{"componentenome": "Framework", "componentequantidade": 10}]}</arg>
<arg>headers=${HEADERS}</arg>
<doc>*DEPRECATED* Please use `POST On Session` instead.</doc>
<msg timestamp="20211013 17:40:23.556" level="WARN">Keyword 'RequestsLibrary.Post Request' is deprecated. Please use `POST On Session` instead.</msg>
<status status="NOT RUN" starttime="20211013 17:40:23.556" endtime="20211013 17:40:23.556"/>
</kw>
<kw name="Set Test Variable" library="BuiltIn">
<arg>${RESPOSTA_POST}</arg>
<doc>Makes a variable available everywhere within the scope of the current test.</doc>
<status status="NOT RUN" starttime="20211013 17:40:23.556" endtime="20211013 17:40:23.556"/>
</kw>
<status status="FAIL" starttime="20211013 17:40:23.556" endtime="20211013 17:40:23.556"/>
</kw>
<kw name="Validate message POST &quot;Produto adicionado com sucesso&quot;" library="resourceApi" sourcename="Validate message POST &quot;${MENSAGEM}&quot;">
<status status="NOT RUN" starttime="20211013 17:40:23.556" endtime="20211013 17:40:23.556"/>
</kw>
<kw name="Check if it returns all registered data for the new product" library="resourceApi">
<status status="NOT RUN" starttime="20211013 17:40:23.556" endtime="20211013 17:40:23.556"/>
</kw>
<kw name="Validate status code POST" library="resourceApi">
<arg>201</arg>
<status status="NOT RUN" starttime="20211013 17:40:23.556" endtime="20211013 17:40:23.556"/>
</kw>
<status status="FAIL" starttime="20211013 17:40:23.556" endtime="20211013 17:40:23.556">Variable '${TOKEN}' not found.</status>
</test>
<test id="s1-t2" name="Conferir lista de Produtos (GET)">
<kw name="Do login in API" library="resourceApi">
<kw name="Create Dictionary" library="BuiltIn">
<var>${HEADERS}</var>
<arg>content-type=application/json</arg>
<doc>Creates and returns a dictionary based on the given ``items``.</doc>
<msg timestamp="20211013 17:40:23.556" level="INFO">${HEADERS} = {'content-type': 'application/json'}</msg>
<status status="PASS" starttime="20211013 17:40:23.556" endtime="20211013 17:40:23.556"/>
</kw>
<kw name="Post Request" library="RequestsLibrary">
<var>${RESPOSTA}</var>
<arg>APILojinha</arg>
<arg>uri=/login</arg>
<arg>data={"usuariologin": "vanessa.redes",</arg>
<arg>"usuariosenha": "123456"}</arg>
<arg>headers=${HEADERS}</arg>
<doc>*DEPRECATED* Please use `POST On Session` instead.</doc>
<msg timestamp="20211013 17:40:23.556" level="WARN">Keyword 'RequestsLibrary.Post Request' is deprecated. Please use `POST On Session` instead.</msg>
<msg timestamp="20211013 17:40:23.556" level="FAIL">Keyword 'RequestsLibrary.Post Request' got positional argument after named arguments.</msg>
<status status="FAIL" starttime="20211013 17:40:23.556" endtime="20211013 17:40:23.556"/>
</kw>
<kw name="Get From Dictionary" library="Collections">
<var>${TOKEN}</var>
<arg>${RESPOSTA.json()["data"]}</arg>
<arg>token</arg>
<doc>Returns a value from the given ``dictionary`` based on the given ``key``.</doc>
<status status="NOT RUN" starttime="20211013 17:40:23.556" endtime="20211013 17:40:23.556"/>
</kw>
<kw name="Set Suite Variable" library="BuiltIn">
<arg>${TOKEN}</arg>
<doc>Makes a variable available everywhere within the scope of the current suite.</doc>
<status status="NOT RUN" starttime="20211013 17:40:23.556" endtime="20211013 17:40:23.556"/>
</kw>
<status status="FAIL" starttime="20211013 17:40:23.556" endtime="20211013 17:40:23.556"/>
</kw>
<kw name="Search product list" library="resourceApi">
<status status="NOT RUN" starttime="20211013 17:40:23.556" endtime="20211013 17:40:23.556"/>
</kw>
<kw name="Validate status code POST" library="resourceApi">
<arg>200</arg>
<status status="NOT RUN" starttime="20211013 17:40:23.556" endtime="20211013 17:40:23.556"/>
</kw>
<kw name="Validate message GET &quot;Listagem de produtos realizada com sucesso&quot;" library="resourceApi" sourcename="Validate message GET &quot;${MENSAGEM}&quot;">
<status status="NOT RUN" starttime="20211013 17:40:23.556" endtime="20211013 17:40:23.556"/>
</kw>
<status status="FAIL" starttime="20211013 17:40:23.556" endtime="20211013 17:40:23.556">Keyword 'RequestsLibrary.Post Request' got positional argument after named arguments.</status>
</test>
<status status="FAIL" starttime="20211013 17:40:22.907" endtime="20211013 17:40:23.556"/>
</suite>
<statistics>
<total>
<stat pass="0" fail="2" skip="0">All Tests</stat>
</total>
<tag>
</tag>
<suite>
<stat pass="0" fail="2" skip="0" id="s1" name="loginApi">loginApi</stat>
</suite>
</statistics>
<errors>
<msg timestamp="20211013 17:40:23.556" level="WARN">Keyword 'RequestsLibrary.Post Request' is deprecated. Please use `POST On Session` instead.</msg>
<msg timestamp="20211013 17:40:23.556" level="WARN">Keyword 'RequestsLibrary.Post Request' is deprecated. Please use `POST On Session` instead.</msg>
</errors>
</robot>
