<?xml version="1.0" encoding="UTF-8"?>
<robot generator="Robot 4.1.1 (Python 3.10.0 on win32)" generated="20211018 17:41:14.596" rpa="false" schemaversion="2">
<suite id="s1" name="Test" source="C:\qaninja\robot\web\test">
<suite id="s1-s1" name="Checkbox" source="C:\qaninja\robot\web\test\checkbox.robot">
<test id="s1-s1-t1" name="Check option by Id">
<kw name="Start browser" library="resourceWeb" type="SETUP">
<kw name="Remove File" library="OperatingSystem">
<arg>${files_route}/selenium-screenshot-*.png</arg>
<doc>Removes a file with the given path.</doc>
<msg timestamp="20211018 17:41:14.877" level="INFO" html="true">File '&lt;a href="file://C:\qaninja\robot\qaninjaobotweblog\selenium-screenshot-*.png"&gt;C:\qaninja\robot\qaninjaobotweblog\selenium-screenshot-*.png&lt;/a&gt;' does not exist.</msg>
<status status="PASS" starttime="20211018 17:41:14.877" endtime="20211018 17:41:14.877"/>
</kw>
<kw name="Open Browser" library="SeleniumLibrary">
<arg>${url}</arg>
<arg>${browser}</arg>
<doc>Opens a new browser instance to the optional ``url``.</doc>
<msg timestamp="20211018 17:41:14.877" level="INFO">Opening browser 'chrome' to base url 'https://training-wheels-protocol.herokuapp.com/'.</msg>
<status status="PASS" starttime="20211018 17:41:14.877" endtime="20211018 17:41:21.071"/>
</kw>
<status status="PASS" starttime="20211018 17:41:14.877" endtime="20211018 17:41:21.071"/>
</kw>
<kw name="Go To" library="SeleniumLibrary">
<arg>${url}/checkboxes</arg>
<doc>Navigates the current browser window to the provided ``url``.</doc>
<msg timestamp="20211018 17:41:21.072" level="INFO">Opening url 'https://training-wheels-protocol.herokuapp.com//checkboxes'</msg>
<status status="PASS" starttime="20211018 17:41:21.071" endtime="20211018 17:41:21.410"/>
</kw>
<kw name="Select Checkbox" library="SeleniumLibrary">
<arg>${check_thor}</arg>
<doc>Selects the checkbox identified by ``locator``.</doc>
<msg timestamp="20211018 17:41:21.411" level="INFO">Selecting checkbox 'id:thor'.</msg>
<status status="PASS" starttime="20211018 17:41:21.410" endtime="20211018 17:41:21.495"/>
</kw>
<kw name="Checkbox Should Be Selected" library="SeleniumLibrary">
<arg>${check_thor}</arg>
<doc>Verifies checkbox ``locator`` is selected/checked.</doc>
<msg timestamp="20211018 17:41:21.495" level="INFO">Verifying checkbox 'id:thor' is selected.</msg>
<status status="PASS" starttime="20211018 17:41:21.495" endtime="20211018 17:41:21.514"/>
</kw>
<kw name="Finish browser" library="resourceWeb" type="TEARDOWN">
<kw name="Capture Page Screenshot" library="SeleniumLibrary">
<doc>Takes a screenshot of the current page and embeds it into a log file.</doc>
<msg timestamp="20211018 17:41:21.687" level="INFO" html="true">&lt;/td&gt;&lt;/tr&gt;&lt;tr&gt;&lt;td colspan="3"&gt;&lt;a href="selenium-screenshot-17.png"&gt;&lt;img src="selenium-screenshot-17.png" width="800px"&gt;&lt;/a&gt;</msg>
<status status="PASS" starttime="20211018 17:41:21.514" endtime="20211018 17:41:21.688"/>
</kw>
<kw name="Close Browser" library="SeleniumLibrary">
<doc>Closes the current browser.</doc>
<status status="PASS" starttime="20211018 17:41:21.688" endtime="20211018 17:41:23.970"/>
</kw>
<status status="PASS" starttime="20211018 17:41:21.514" endtime="20211018 17:41:23.971"/>
</kw>
<status status="PASS" starttime="20211018 17:41:14.877" endtime="20211018 17:41:23.971"/>
</test>
<test id="s1-s1-t2" name="Check option by CSS Selector">
<kw name="Start browser" library="resourceWeb" type="SETUP">
<kw name="Remove File" library="OperatingSystem">
<arg>${files_route}/selenium-screenshot-*.png</arg>
<doc>Removes a file with the given path.</doc>
<msg timestamp="20211018 17:41:23.973" level="INFO" html="true">File '&lt;a href="file://C:\qaninja\robot\qaninjaobotweblog\selenium-screenshot-*.png"&gt;C:\qaninja\robot\qaninjaobotweblog\selenium-screenshot-*.png&lt;/a&gt;' does not exist.</msg>
<status status="PASS" starttime="20211018 17:41:23.973" endtime="20211018 17:41:23.973"/>
</kw>
<kw name="Open Browser" library="SeleniumLibrary">
<arg>${url}</arg>
<arg>${browser}</arg>
<doc>Opens a new browser instance to the optional ``url``.</doc>
<msg timestamp="20211018 17:41:23.974" level="INFO">Opening browser 'chrome' to base url 'https://training-wheels-protocol.herokuapp.com/'.</msg>
<status status="PASS" starttime="20211018 17:41:23.973" endtime="20211018 17:41:28.603"/>
</kw>
<status status="PASS" starttime="20211018 17:41:23.972" endtime="20211018 17:41:28.604"/>
</kw>
<kw name="Go To" library="SeleniumLibrary">
<arg>${url}/checkboxes</arg>
<doc>Navigates the current browser window to the provided ``url``.</doc>
<msg timestamp="20211018 17:41:28.604" level="INFO">Opening url 'https://training-wheels-protocol.herokuapp.com//checkboxes'</msg>
<status status="PASS" starttime="20211018 17:41:28.604" endtime="20211018 17:41:28.906"/>
</kw>
<kw name="Select Checkbox" library="SeleniumLibrary">
<arg>${check_iron}</arg>
<doc>Selects the checkbox identified by ``locator``.</doc>
<msg timestamp="20211018 17:41:28.908" level="INFO">Selecting checkbox 'css:input[value='iron-man']'.</msg>
<status status="PASS" starttime="20211018 17:41:28.907" endtime="20211018 17:41:28.987"/>
</kw>
<kw name="Checkbox Should Be Selected" library="SeleniumLibrary">
<arg>${check_iron}</arg>
<doc>Verifies checkbox ``locator`` is selected/checked.</doc>
<msg timestamp="20211018 17:41:28.987" level="INFO">Verifying checkbox 'css:input[value='iron-man']' is selected.</msg>
<status status="PASS" starttime="20211018 17:41:28.987" endtime="20211018 17:41:29.006"/>
</kw>
<kw name="Finish browser" library="resourceWeb" type="TEARDOWN">
<kw name="Capture Page Screenshot" library="SeleniumLibrary">
<doc>Takes a screenshot of the current page and embeds it into a log file.</doc>
<msg timestamp="20211018 17:41:29.158" level="INFO" html="true">&lt;/td&gt;&lt;/tr&gt;&lt;tr&gt;&lt;td colspan="3"&gt;&lt;a href="selenium-screenshot-18.png"&gt;&lt;img src="selenium-screenshot-18.png" width="800px"&gt;&lt;/a&gt;</msg>
<status status="PASS" starttime="20211018 17:41:29.007" endtime="20211018 17:41:29.159"/>
</kw>
<kw name="Close Browser" library="SeleniumLibrary">
<doc>Closes the current browser.</doc>
<status status="PASS" starttime="20211018 17:41:29.159" endtime="20211018 17:41:31.375"/>
</kw>
<status status="PASS" starttime="20211018 17:41:29.006" endtime="20211018 17:41:31.376"/>
</kw>
<status status="PASS" starttime="20211018 17:41:23.972" endtime="20211018 17:41:31.376"/>
</test>
<test id="s1-s1-t3" name="Check option by Xpath">
<kw name="Start browser" library="resourceWeb" type="SETUP">
<kw name="Remove File" library="OperatingSystem">
<arg>${files_route}/selenium-screenshot-*.png</arg>
<doc>Removes a file with the given path.</doc>
<msg timestamp="20211018 17:41:31.379" level="INFO" html="true">File '&lt;a href="file://C:\qaninja\robot\qaninjaobotweblog\selenium-screenshot-*.png"&gt;C:\qaninja\robot\qaninjaobotweblog\selenium-screenshot-*.png&lt;/a&gt;' does not exist.</msg>
<status status="PASS" starttime="20211018 17:41:31.378" endtime="20211018 17:41:31.379"/>
</kw>
<kw name="Open Browser" library="SeleniumLibrary">
<arg>${url}</arg>
<arg>${browser}</arg>
<doc>Opens a new browser instance to the optional ``url``.</doc>
<msg timestamp="20211018 17:41:31.380" level="INFO">Opening browser 'chrome' to base url 'https://training-wheels-protocol.herokuapp.com/'.</msg>
<status status="PASS" starttime="20211018 17:41:31.379" endtime="20211018 17:41:36.080"/>
</kw>
<status status="PASS" starttime="20211018 17:41:31.378" endtime="20211018 17:41:36.081"/>
</kw>
<kw name="Go To" library="SeleniumLibrary">
<arg>${url}/checkboxes</arg>
<doc>Navigates the current browser window to the provided ``url``.</doc>
<msg timestamp="20211018 17:41:36.081" level="INFO">Opening url 'https://training-wheels-protocol.herokuapp.com//checkboxes'</msg>
<status status="PASS" starttime="20211018 17:41:36.081" endtime="20211018 17:41:36.386"/>
</kw>
<kw name="Select Checkbox" library="SeleniumLibrary">
<arg>${check_panther}</arg>
<doc>Selects the checkbox identified by ``locator``.</doc>
<msg timestamp="20211018 17:41:36.387" level="INFO">Selecting checkbox 'xpath://*[@id='checkboxes']/input[7]'.</msg>
<status status="PASS" starttime="20211018 17:41:36.386" endtime="20211018 17:41:36.447"/>
</kw>
<kw name="Checkbox Should Be Selected" library="SeleniumLibrary">
<arg>${check_panther}</arg>
<doc>Verifies checkbox ``locator`` is selected/checked.</doc>
<msg timestamp="20211018 17:41:36.447" level="INFO">Verifying checkbox 'xpath://*[@id='checkboxes']/input[7]' is selected.</msg>
<status status="PASS" starttime="20211018 17:41:36.447" endtime="20211018 17:41:36.476"/>
</kw>
<kw name="Finish browser" library="resourceWeb" type="TEARDOWN">
<kw name="Capture Page Screenshot" library="SeleniumLibrary">
<doc>Takes a screenshot of the current page and embeds it into a log file.</doc>
<msg timestamp="20211018 17:41:36.629" level="INFO" html="true">&lt;/td&gt;&lt;/tr&gt;&lt;tr&gt;&lt;td colspan="3"&gt;&lt;a href="selenium-screenshot-19.png"&gt;&lt;img src="selenium-screenshot-19.png" width="800px"&gt;&lt;/a&gt;</msg>
<status status="PASS" starttime="20211018 17:41:36.477" endtime="20211018 17:41:36.629"/>
</kw>
<kw name="Close Browser" library="SeleniumLibrary">
<doc>Closes the current browser.</doc>
<status status="PASS" starttime="20211018 17:41:36.629" endtime="20211018 17:41:38.828"/>
</kw>
<status status="PASS" starttime="20211018 17:41:36.477" endtime="20211018 17:41:38.828"/>
</kw>
<tag>ironman</tag>
<status status="PASS" starttime="20211018 17:41:31.377" endtime="20211018 17:41:38.828"/>
</test>
<status status="PASS" starttime="20211018 17:41:14.627" endtime="20211018 17:41:38.828"/>
</suite>
<suite id="s1-s2" name="Login" source="C:\qaninja\robot\web\test\login.robot">
<test id="s1-s2-t1" name="Login success">
<kw name="Start browser" library="resourceWeb" type="SETUP">
<kw name="Remove File" library="OperatingSystem">
<arg>${files_route}/selenium-screenshot-*.png</arg>
<doc>Removes a file with the given path.</doc>
<msg timestamp="20211018 17:41:38.844" level="INFO" html="true">File '&lt;a href="file://C:\qaninja\robot\qaninjaobotweblog\selenium-screenshot-*.png"&gt;C:\qaninja\robot\qaninjaobotweblog\selenium-screenshot-*.png&lt;/a&gt;' does not exist.</msg>
<status status="PASS" starttime="20211018 17:41:38.844" endtime="20211018 17:41:38.844"/>
</kw>
<kw name="Open Browser" library="SeleniumLibrary">
<arg>${url}</arg>
<arg>${browser}</arg>
<doc>Opens a new browser instance to the optional ``url``.</doc>
<msg timestamp="20211018 17:41:38.844" level="INFO">Opening browser 'chrome' to base url 'https://training-wheels-protocol.herokuapp.com/'.</msg>
<status status="PASS" starttime="20211018 17:41:38.844" endtime="20211018 17:41:43.756"/>
</kw>
<status status="PASS" starttime="20211018 17:41:38.844" endtime="20211018 17:41:43.756"/>
</kw>
<kw name="Go To" library="SeleniumLibrary">
<arg>${url}/login</arg>
<doc>Navigates the current browser window to the provided ``url``.</doc>
<msg timestamp="20211018 17:41:43.757" level="INFO">Opening url 'https://training-wheels-protocol.herokuapp.com//login'</msg>
<status status="PASS" starttime="20211018 17:41:43.756" endtime="20211018 17:41:44.429"/>
</kw>
<kw name="Login With">
<arg>stark</arg>
<arg>jarvis!</arg>
<kw name="Input Text" library="SeleniumLibrary">
<arg>css:input[name=username]</arg>
<arg>${uname}</arg>
<doc>Types the given ``text`` into the text field identified by ``locator``.</doc>
<msg timestamp="20211018 17:41:44.430" level="INFO">Typing text 'stark' into text field 'css:input[name=username]'.</msg>
<status status="PASS" starttime="20211018 17:41:44.430" endtime="20211018 17:41:44.529"/>
</kw>
<kw name="Input Text" library="SeleniumLibrary">
<arg>css:input[name=password]</arg>
<arg>${pass}</arg>
<doc>Types the given ``text`` into the text field identified by ``locator``.</doc>
<msg timestamp="20211018 17:41:44.530" level="INFO">Typing text 'jarvis!' into text field 'css:input[name=password]'.</msg>
<status status="PASS" starttime="20211018 17:41:44.529" endtime="20211018 17:41:44.603"/>
</kw>
<kw name="Click Element" library="SeleniumLibrary">
<arg>class:btn-login</arg>
<doc>Click the element identified by ``locator``.</doc>
<msg timestamp="20211018 17:41:44.604" level="INFO">Clicking element 'class:btn-login'.</msg>
<status status="PASS" starttime="20211018 17:41:44.604" endtime="20211018 17:41:45.027"/>
</kw>
<status status="PASS" starttime="20211018 17:41:44.429" endtime="20211018 17:41:45.027"/>
</kw>
<kw name="Should See Logged User">
<arg>Tony Stark</arg>
<kw name="Page Should Contain" library="SeleniumLibrary">
<arg>Olá, ${full_name}. Você acessou a área logada!</arg>
<doc>Verifies that current page contains ``text``.</doc>
<msg timestamp="20211018 17:41:45.043" level="INFO">Current page contains text 'Olá, Tony Stark. Você acessou a área logada!'.</msg>
<status status="PASS" starttime="20211018 17:41:45.028" endtime="20211018 17:41:45.043"/>
</kw>
<status status="PASS" starttime="20211018 17:41:45.027" endtime="20211018 17:41:45.043"/>
</kw>
<kw name="Finish browser" library="resourceWeb" type="TEARDOWN">
<kw name="Capture Page Screenshot" library="SeleniumLibrary">
<doc>Takes a screenshot of the current page and embeds it into a log file.</doc>
<msg timestamp="20211018 17:41:45.263" level="INFO" html="true">&lt;/td&gt;&lt;/tr&gt;&lt;tr&gt;&lt;td colspan="3"&gt;&lt;a href="selenium-screenshot-20.png"&gt;&lt;img src="selenium-screenshot-20.png" width="800px"&gt;&lt;/a&gt;</msg>
<status status="PASS" starttime="20211018 17:41:45.044" endtime="20211018 17:41:45.264"/>
</kw>
<kw name="Close Browser" library="SeleniumLibrary">
<doc>Closes the current browser.</doc>
<status status="PASS" starttime="20211018 17:41:45.264" endtime="20211018 17:41:47.415"/>
</kw>
<status status="PASS" starttime="20211018 17:41:45.043" endtime="20211018 17:41:47.415"/>
</kw>
<status status="PASS" starttime="20211018 17:41:38.844" endtime="20211018 17:41:47.415"/>
</test>
<test id="s1-s2-t2" name="Invalid password">
<kw name="Start browser" library="resourceWeb" type="SETUP">
<kw name="Remove File" library="OperatingSystem">
<arg>${files_route}/selenium-screenshot-*.png</arg>
<doc>Removes a file with the given path.</doc>
<msg timestamp="20211018 17:41:47.415" level="INFO" html="true">File '&lt;a href="file://C:\qaninja\robot\qaninjaobotweblog\selenium-screenshot-*.png"&gt;C:\qaninja\robot\qaninjaobotweblog\selenium-screenshot-*.png&lt;/a&gt;' does not exist.</msg>
<status status="PASS" starttime="20211018 17:41:47.415" endtime="20211018 17:41:47.415"/>
</kw>
<kw name="Open Browser" library="SeleniumLibrary">
<arg>${url}</arg>
<arg>${browser}</arg>
<doc>Opens a new browser instance to the optional ``url``.</doc>
<msg timestamp="20211018 17:41:47.415" level="INFO">Opening browser 'chrome' to base url 'https://training-wheels-protocol.herokuapp.com/'.</msg>
<status status="PASS" starttime="20211018 17:41:47.415" endtime="20211018 17:41:52.522"/>
</kw>
<status status="PASS" starttime="20211018 17:41:47.415" endtime="20211018 17:41:52.523"/>
</kw>
<kw name="Go To" library="SeleniumLibrary">
<arg>${url}/login</arg>
<doc>Navigates the current browser window to the provided ``url``.</doc>
<msg timestamp="20211018 17:41:52.523" level="INFO">Opening url 'https://training-wheels-protocol.herokuapp.com//login'</msg>
<status status="PASS" starttime="20211018 17:41:52.523" endtime="20211018 17:41:53.068"/>
</kw>
<kw name="Login With">
<arg>stark</arg>
<arg>senhainvalida</arg>
<kw name="Input Text" library="SeleniumLibrary">
<arg>css:input[name=username]</arg>
<arg>${uname}</arg>
<doc>Types the given ``text`` into the text field identified by ``locator``.</doc>
<msg timestamp="20211018 17:41:53.069" level="INFO">Typing text 'stark' into text field 'css:input[name=username]'.</msg>
<status status="PASS" starttime="20211018 17:41:53.069" endtime="20211018 17:41:53.140"/>
</kw>
<kw name="Input Text" library="SeleniumLibrary">
<arg>css:input[name=password]</arg>
<arg>${pass}</arg>
<doc>Types the given ``text`` into the text field identified by ``locator``.</doc>
<msg timestamp="20211018 17:41:53.141" level="INFO">Typing text 'senhainvalida' into text field 'css:input[name=password]'.</msg>
<status status="PASS" starttime="20211018 17:41:53.140" endtime="20211018 17:41:53.218"/>
</kw>
<kw name="Click Element" library="SeleniumLibrary">
<arg>class:btn-login</arg>
<doc>Click the element identified by ``locator``.</doc>
<msg timestamp="20211018 17:41:53.219" level="INFO">Clicking element 'class:btn-login'.</msg>
<status status="PASS" starttime="20211018 17:41:53.218" endtime="20211018 17:41:53.626"/>
</kw>
<status status="PASS" starttime="20211018 17:41:53.068" endtime="20211018 17:41:53.626"/>
</kw>
<kw name="Should Contain Login Alert">
<arg>Senha é invalida</arg>
<kw name="Get WebElement" library="SeleniumLibrary">
<var>${message}</var>
<arg>id:flash</arg>
<doc>Returns the first WebElement matching the given ``locator``.</doc>
<msg timestamp="20211018 17:41:53.639" level="INFO">${message} = &lt;selenium.webdriver.remote.webelement.WebElement (session="3a03111672a347b1104f6f70297b4a8c", element="a81bc5cc-577c-4367-9287-73a996e6af98")&gt;</msg>
<status status="PASS" starttime="20211018 17:41:53.627" endtime="20211018 17:41:53.639"/>
</kw>
<kw name="Should Contain" library="BuiltIn">
<arg>${message.text}</arg>
<arg>${expect_message}</arg>
<doc>Fails if ``container`` does not contain ``item`` one or more times.</doc>
<status status="PASS" starttime="20211018 17:41:53.639" endtime="20211018 17:41:53.659"/>
</kw>
<status status="PASS" starttime="20211018 17:41:53.626" endtime="20211018 17:41:53.660"/>
</kw>
<kw name="Finish browser" library="resourceWeb" type="TEARDOWN">
<kw name="Capture Page Screenshot" library="SeleniumLibrary">
<doc>Takes a screenshot of the current page and embeds it into a log file.</doc>
<msg timestamp="20211018 17:41:53.871" level="INFO" html="true">&lt;/td&gt;&lt;/tr&gt;&lt;tr&gt;&lt;td colspan="3"&gt;&lt;a href="selenium-screenshot-21.png"&gt;&lt;img src="selenium-screenshot-21.png" width="800px"&gt;&lt;/a&gt;</msg>
<status status="PASS" starttime="20211018 17:41:53.660" endtime="20211018 17:41:53.872"/>
</kw>
<kw name="Close Browser" library="SeleniumLibrary">
<doc>Closes the current browser.</doc>
<status status="PASS" starttime="20211018 17:41:53.872" endtime="20211018 17:41:56.028"/>
</kw>
<status status="PASS" starttime="20211018 17:41:53.660" endtime="20211018 17:41:56.028"/>
</kw>
<tag>login_error</tag>
<status status="PASS" starttime="20211018 17:41:47.415" endtime="20211018 17:41:56.028"/>
</test>
<test id="s1-s2-t3" name="User not found">
<kw name="Start browser" library="resourceWeb" type="SETUP">
<kw name="Remove File" library="OperatingSystem">
<arg>${files_route}/selenium-screenshot-*.png</arg>
<doc>Removes a file with the given path.</doc>
<msg timestamp="20211018 17:41:56.028" level="INFO" html="true">File '&lt;a href="file://C:\qaninja\robot\qaninjaobotweblog\selenium-screenshot-*.png"&gt;C:\qaninja\robot\qaninjaobotweblog\selenium-screenshot-*.png&lt;/a&gt;' does not exist.</msg>
<status status="PASS" starttime="20211018 17:41:56.028" endtime="20211018 17:41:56.028"/>
</kw>
<kw name="Open Browser" library="SeleniumLibrary">
<arg>${url}</arg>
<arg>${browser}</arg>
<doc>Opens a new browser instance to the optional ``url``.</doc>
<msg timestamp="20211018 17:41:56.028" level="INFO">Opening browser 'chrome' to base url 'https://training-wheels-protocol.herokuapp.com/'.</msg>
<status status="PASS" starttime="20211018 17:41:56.028" endtime="20211018 17:42:01.110"/>
</kw>
<status status="PASS" starttime="20211018 17:41:56.028" endtime="20211018 17:42:01.110"/>
</kw>
<kw name="Go To" library="SeleniumLibrary">
<arg>${url}/login</arg>
<doc>Navigates the current browser window to the provided ``url``.</doc>
<msg timestamp="20211018 17:42:01.110" level="INFO">Opening url 'https://training-wheels-protocol.herokuapp.com//login'</msg>
<status status="PASS" starttime="20211018 17:42:01.110" endtime="20211018 17:42:01.779"/>
</kw>
<kw name="Login With">
<arg>usuarioinvalido</arg>
<arg>jarvis!</arg>
<kw name="Input Text" library="SeleniumLibrary">
<arg>css:input[name=username]</arg>
<arg>${uname}</arg>
<doc>Types the given ``text`` into the text field identified by ``locator``.</doc>
<msg timestamp="20211018 17:42:01.781" level="INFO">Typing text 'usuarioinvalido' into text field 'css:input[name=username]'.</msg>
<status status="PASS" starttime="20211018 17:42:01.780" endtime="20211018 17:42:01.856"/>
</kw>
<kw name="Input Text" library="SeleniumLibrary">
<arg>css:input[name=password]</arg>
<arg>${pass}</arg>
<doc>Types the given ``text`` into the text field identified by ``locator``.</doc>
<msg timestamp="20211018 17:42:01.857" level="INFO">Typing text 'jarvis!' into text field 'css:input[name=password]'.</msg>
<status status="PASS" starttime="20211018 17:42:01.856" endtime="20211018 17:42:01.935"/>
</kw>
<kw name="Click Element" library="SeleniumLibrary">
<arg>class:btn-login</arg>
<doc>Click the element identified by ``locator``.</doc>
<msg timestamp="20211018 17:42:01.935" level="INFO">Clicking element 'class:btn-login'.</msg>
<status status="PASS" starttime="20211018 17:42:01.935" endtime="20211018 17:42:02.324"/>
</kw>
<status status="PASS" starttime="20211018 17:42:01.779" endtime="20211018 17:42:02.324"/>
</kw>
<kw name="Should Contain Login Alert">
<arg>O usuário informado não está cadastrado</arg>
<kw name="Get WebElement" library="SeleniumLibrary">
<var>${message}</var>
<arg>id:flash</arg>
<doc>Returns the first WebElement matching the given ``locator``.</doc>
<msg timestamp="20211018 17:42:02.335" level="INFO">${message} = &lt;selenium.webdriver.remote.webelement.WebElement (session="563cf4638a8c25cf910ec4cfa612469b", element="f6758d50-93c1-42c9-b2e1-1363a9a62f6b")&gt;</msg>
<status status="PASS" starttime="20211018 17:42:02.325" endtime="20211018 17:42:02.335"/>
</kw>
<kw name="Should Contain" library="BuiltIn">
<arg>${message.text}</arg>
<arg>${expect_message}</arg>
<doc>Fails if ``container`` does not contain ``item`` one or more times.</doc>
<status status="PASS" starttime="20211018 17:42:02.335" endtime="20211018 17:42:02.348"/>
</kw>
<status status="PASS" starttime="20211018 17:42:02.324" endtime="20211018 17:42:02.349"/>
</kw>
<kw name="Finish browser" library="resourceWeb" type="TEARDOWN">
<kw name="Capture Page Screenshot" library="SeleniumLibrary">
<doc>Takes a screenshot of the current page and embeds it into a log file.</doc>
<msg timestamp="20211018 17:42:02.586" level="INFO" html="true">&lt;/td&gt;&lt;/tr&gt;&lt;tr&gt;&lt;td colspan="3"&gt;&lt;a href="selenium-screenshot-22.png"&gt;&lt;img src="selenium-screenshot-22.png" width="800px"&gt;&lt;/a&gt;</msg>
<status status="PASS" starttime="20211018 17:42:02.349" endtime="20211018 17:42:02.586"/>
</kw>
<kw name="Close Browser" library="SeleniumLibrary">
<doc>Closes the current browser.</doc>
<status status="PASS" starttime="20211018 17:42:02.586" endtime="20211018 17:42:04.836"/>
</kw>
<status status="PASS" starttime="20211018 17:42:02.349" endtime="20211018 17:42:04.837"/>
</kw>
<tag>login_error</tag>
<status status="PASS" starttime="20211018 17:41:56.028" endtime="20211018 17:42:04.837"/>
</test>
<status status="PASS" starttime="20211018 17:41:38.828" endtime="20211018 17:42:04.838"/>
</suite>
<suite id="s1-s3" name="Radio" source="C:\qaninja\robot\web\test\radio.robot">
<test id="s1-s3-t1" name="Selecting by Id">
<kw name="Start browser" library="resourceWeb" type="SETUP">
<kw name="Remove File" library="OperatingSystem">
<arg>${files_route}/selenium-screenshot-*.png</arg>
<doc>Removes a file with the given path.</doc>
<msg timestamp="20211018 17:42:04.855" level="INFO" html="true">File '&lt;a href="file://C:\qaninja\robot\qaninjaobotweblog\selenium-screenshot-*.png"&gt;C:\qaninja\robot\qaninjaobotweblog\selenium-screenshot-*.png&lt;/a&gt;' does not exist.</msg>
<status status="PASS" starttime="20211018 17:42:04.854" endtime="20211018 17:42:04.855"/>
</kw>
<kw name="Open Browser" library="SeleniumLibrary">
<arg>${url}</arg>
<arg>${browser}</arg>
<doc>Opens a new browser instance to the optional ``url``.</doc>
<msg timestamp="20211018 17:42:04.857" level="INFO">Opening browser 'chrome' to base url 'https://training-wheels-protocol.herokuapp.com/'.</msg>
<status status="PASS" starttime="20211018 17:42:04.856" endtime="20211018 17:42:09.507"/>
</kw>
<status status="PASS" starttime="20211018 17:42:04.854" endtime="20211018 17:42:09.507"/>
</kw>
<kw name="Go To" library="SeleniumLibrary">
<arg>${url}/radios</arg>
<doc>Navigates the current browser window to the provided ``url``.</doc>
<msg timestamp="20211018 17:42:09.507" level="INFO">Opening url 'https://training-wheels-protocol.herokuapp.com//radios'</msg>
<status status="PASS" starttime="20211018 17:42:09.507" endtime="20211018 17:42:11.023"/>
</kw>
<kw name="Select Radio Button" library="SeleniumLibrary">
<arg>movies</arg>
<arg>cap</arg>
<doc>Sets the radio button group ``group_name`` to ``value``.</doc>
<msg timestamp="20211018 17:42:11.024" level="INFO">Selecting 'cap' from radio button 'movies'.</msg>
<status status="PASS" starttime="20211018 17:42:11.023" endtime="20211018 17:42:11.081"/>
</kw>
<kw name="Radio Button Should Be Set To" library="SeleniumLibrary">
<arg>movies</arg>
<arg>cap</arg>
<doc>Verifies radio button group ``group_name`` is set to ``value``.</doc>
<msg timestamp="20211018 17:42:11.082" level="INFO">Verifying radio button 'movies' has selection 'cap'.</msg>
<status status="PASS" starttime="20211018 17:42:11.081" endtime="20211018 17:42:11.103"/>
</kw>
<kw name="Finish browser" library="resourceWeb" type="TEARDOWN">
<kw name="Capture Page Screenshot" library="SeleniumLibrary">
<doc>Takes a screenshot of the current page and embeds it into a log file.</doc>
<msg timestamp="20211018 17:42:11.275" level="INFO" html="true">&lt;/td&gt;&lt;/tr&gt;&lt;tr&gt;&lt;td colspan="3"&gt;&lt;a href="selenium-screenshot-23.png"&gt;&lt;img src="selenium-screenshot-23.png" width="800px"&gt;&lt;/a&gt;</msg>
<status status="PASS" starttime="20211018 17:42:11.104" endtime="20211018 17:42:11.275"/>
</kw>
<kw name="Close Browser" library="SeleniumLibrary">
<doc>Closes the current browser.</doc>
<status status="PASS" starttime="20211018 17:42:11.275" endtime="20211018 17:42:13.426"/>
</kw>
<status status="PASS" starttime="20211018 17:42:11.103" endtime="20211018 17:42:13.426"/>
</kw>
<status status="PASS" starttime="20211018 17:42:04.853" endtime="20211018 17:42:13.426"/>
</test>
<test id="s1-s3-t2" name="Selecting by Value">
<kw name="Start browser" library="resourceWeb" type="SETUP">
<kw name="Remove File" library="OperatingSystem">
<arg>${files_route}/selenium-screenshot-*.png</arg>
<doc>Removes a file with the given path.</doc>
<msg timestamp="20211018 17:42:13.426" level="INFO" html="true">File '&lt;a href="file://C:\qaninja\robot\qaninjaobotweblog\selenium-screenshot-*.png"&gt;C:\qaninja\robot\qaninjaobotweblog\selenium-screenshot-*.png&lt;/a&gt;' does not exist.</msg>
<status status="PASS" starttime="20211018 17:42:13.426" endtime="20211018 17:42:13.426"/>
</kw>
<kw name="Open Browser" library="SeleniumLibrary">
<arg>${url}</arg>
<arg>${browser}</arg>
<doc>Opens a new browser instance to the optional ``url``.</doc>
<msg timestamp="20211018 17:42:13.426" level="INFO">Opening browser 'chrome' to base url 'https://training-wheels-protocol.herokuapp.com/'.</msg>
<status status="PASS" starttime="20211018 17:42:13.426" endtime="20211018 17:42:17.994"/>
</kw>
<status status="PASS" starttime="20211018 17:42:13.426" endtime="20211018 17:42:17.994"/>
</kw>
<kw name="Go To" library="SeleniumLibrary">
<arg>${url}/radios</arg>
<doc>Navigates the current browser window to the provided ``url``.</doc>
<msg timestamp="20211018 17:42:17.995" level="INFO">Opening url 'https://training-wheels-protocol.herokuapp.com//radios'</msg>
<status status="PASS" starttime="20211018 17:42:17.994" endtime="20211018 17:42:18.592"/>
</kw>
<kw name="Select Radio Button" library="SeleniumLibrary">
<arg>movies</arg>
<arg>guardians</arg>
<doc>Sets the radio button group ``group_name`` to ``value``.</doc>
<msg timestamp="20211018 17:42:18.593" level="INFO">Selecting 'guardians' from radio button 'movies'.</msg>
<status status="PASS" starttime="20211018 17:42:18.592" endtime="20211018 17:42:18.654"/>
</kw>
<kw name="Radio Button Should Be Set To" library="SeleniumLibrary">
<arg>movies</arg>
<arg>guardians</arg>
<doc>Verifies radio button group ``group_name`` is set to ``value``.</doc>
<msg timestamp="20211018 17:42:18.654" level="INFO">Verifying radio button 'movies' has selection 'guardians'.</msg>
<status status="PASS" starttime="20211018 17:42:18.654" endtime="20211018 17:42:18.701"/>
</kw>
<kw name="Finish browser" library="resourceWeb" type="TEARDOWN">
<kw name="Capture Page Screenshot" library="SeleniumLibrary">
<doc>Takes a screenshot of the current page and embeds it into a log file.</doc>
<msg timestamp="20211018 17:42:18.899" level="INFO" html="true">&lt;/td&gt;&lt;/tr&gt;&lt;tr&gt;&lt;td colspan="3"&gt;&lt;a href="selenium-screenshot-24.png"&gt;&lt;img src="selenium-screenshot-24.png" width="800px"&gt;&lt;/a&gt;</msg>
<status status="PASS" starttime="20211018 17:42:18.703" endtime="20211018 17:42:18.899"/>
</kw>
<kw name="Close Browser" library="SeleniumLibrary">
<doc>Closes the current browser.</doc>
<status status="PASS" starttime="20211018 17:42:18.899" endtime="20211018 17:42:21.072"/>
</kw>
<status status="PASS" starttime="20211018 17:42:18.702" endtime="20211018 17:42:21.073"/>
</kw>
<status status="PASS" starttime="20211018 17:42:13.426" endtime="20211018 17:42:21.073"/>
</test>
<status status="PASS" starttime="20211018 17:42:04.841" endtime="20211018 17:42:21.074"/>
</suite>
<suite id="s1-s4" name="Select" source="C:\qaninja\robot\web\test\select.robot">
<test id="s1-s4-t1" name="Selecting by text and validate by value">
<kw name="Start browser" library="resourceWeb" type="SETUP">
<kw name="Remove File" library="OperatingSystem">
<arg>${files_route}/selenium-screenshot-*.png</arg>
<doc>Removes a file with the given path.</doc>
<msg timestamp="20211018 17:42:21.087" level="INFO" html="true">File '&lt;a href="file://C:\qaninja\robot\qaninjaobotweblog\selenium-screenshot-*.png"&gt;C:\qaninja\robot\qaninjaobotweblog\selenium-screenshot-*.png&lt;/a&gt;' does not exist.</msg>
<status status="PASS" starttime="20211018 17:42:21.086" endtime="20211018 17:42:21.087"/>
</kw>
<kw name="Open Browser" library="SeleniumLibrary">
<arg>${url}</arg>
<arg>${browser}</arg>
<doc>Opens a new browser instance to the optional ``url``.</doc>
<msg timestamp="20211018 17:42:21.088" level="INFO">Opening browser 'chrome' to base url 'https://training-wheels-protocol.herokuapp.com/'.</msg>
<status status="PASS" starttime="20211018 17:42:21.087" endtime="20211018 17:42:26.490"/>
</kw>
<status status="PASS" starttime="20211018 17:42:21.086" endtime="20211018 17:42:26.490"/>
</kw>
<kw name="Go To" library="SeleniumLibrary">
<arg>${url}/dropdown</arg>
<doc>Navigates the current browser window to the provided ``url``.</doc>
<msg timestamp="20211018 17:42:26.490" level="INFO">Opening url 'https://training-wheels-protocol.herokuapp.com//dropdown'</msg>
<status status="PASS" starttime="20211018 17:42:26.490" endtime="20211018 17:42:26.812"/>
</kw>
<kw name="Select From List By Label" library="SeleniumLibrary">
<arg>class:avenger-list</arg>
<arg>Scott Lang</arg>
<doc>Selects options from selection list ``locator`` by ``labels``.</doc>
<msg timestamp="20211018 17:42:26.812" level="INFO">Selecting options from selection list 'class:avenger-list' by label Scott Lang.</msg>
<status status="PASS" starttime="20211018 17:42:26.812" endtime="20211018 17:42:26.909"/>
</kw>
<kw name="Get Selected List Value" library="SeleniumLibrary">
<var>${selected}</var>
<arg>class:avenger-list</arg>
<doc>Returns the value of selected option from selection list ``locator``.</doc>
<msg timestamp="20211018 17:42:27.028" level="INFO">${selected} = 7</msg>
<status status="PASS" starttime="20211018 17:42:26.910" endtime="20211018 17:42:27.028"/>
</kw>
<kw name="Should Be Equal" library="BuiltIn">
<arg>${selected}</arg>
<arg>7</arg>
<doc>Fails if the given objects are unequal.</doc>
<status status="PASS" starttime="20211018 17:42:27.028" endtime="20211018 17:42:27.028"/>
</kw>
<kw name="Finish browser" library="resourceWeb" type="TEARDOWN">
<kw name="Capture Page Screenshot" library="SeleniumLibrary">
<doc>Takes a screenshot of the current page and embeds it into a log file.</doc>
<msg timestamp="20211018 17:42:27.250" level="INFO" html="true">&lt;/td&gt;&lt;/tr&gt;&lt;tr&gt;&lt;td colspan="3"&gt;&lt;a href="selenium-screenshot-25.png"&gt;&lt;img src="selenium-screenshot-25.png" width="800px"&gt;&lt;/a&gt;</msg>
<status status="PASS" starttime="20211018 17:42:27.029" endtime="20211018 17:42:27.250"/>
</kw>
<kw name="Close Browser" library="SeleniumLibrary">
<doc>Closes the current browser.</doc>
<status status="PASS" starttime="20211018 17:42:27.251" endtime="20211018 17:42:29.440"/>
</kw>
<status status="PASS" starttime="20211018 17:42:27.028" endtime="20211018 17:42:29.440"/>
</kw>
<status status="PASS" starttime="20211018 17:42:21.086" endtime="20211018 17:42:29.440"/>
</test>
<test id="s1-s4-t2" name="Selecting by value and validate by text">
<kw name="Start browser" library="resourceWeb" type="SETUP">
<kw name="Remove File" library="OperatingSystem">
<arg>${files_route}/selenium-screenshot-*.png</arg>
<doc>Removes a file with the given path.</doc>
<msg timestamp="20211018 17:42:29.440" level="INFO" html="true">File '&lt;a href="file://C:\qaninja\robot\qaninjaobotweblog\selenium-screenshot-*.png"&gt;C:\qaninja\robot\qaninjaobotweblog\selenium-screenshot-*.png&lt;/a&gt;' does not exist.</msg>
<status status="PASS" starttime="20211018 17:42:29.440" endtime="20211018 17:42:29.440"/>
</kw>
<kw name="Open Browser" library="SeleniumLibrary">
<arg>${url}</arg>
<arg>${browser}</arg>
<doc>Opens a new browser instance to the optional ``url``.</doc>
<msg timestamp="20211018 17:42:29.440" level="INFO">Opening browser 'chrome' to base url 'https://training-wheels-protocol.herokuapp.com/'.</msg>
<status status="PASS" starttime="20211018 17:42:29.440" endtime="20211018 17:42:33.650"/>
</kw>
<status status="PASS" starttime="20211018 17:42:29.440" endtime="20211018 17:42:33.650"/>
</kw>
<kw name="Go To" library="SeleniumLibrary">
<arg>${url}/dropdown</arg>
<doc>Navigates the current browser window to the provided ``url``.</doc>
<msg timestamp="20211018 17:42:33.651" level="INFO">Opening url 'https://training-wheels-protocol.herokuapp.com//dropdown'</msg>
<status status="PASS" starttime="20211018 17:42:33.651" endtime="20211018 17:42:33.966"/>
</kw>
<kw name="Select From List By Value" library="SeleniumLibrary">
<arg>id:dropdown</arg>
<arg>6</arg>
<doc>Selects options from selection list ``locator`` by ``values``.</doc>
<msg timestamp="20211018 17:42:33.966" level="INFO">Selecting options from selection list 'id:dropdown' by value 6.</msg>
<status status="PASS" starttime="20211018 17:42:33.966" endtime="20211018 17:42:34.020"/>
</kw>
<kw name="Get Selected List Label" library="SeleniumLibrary">
<var>${selected}</var>
<arg>id:dropdown</arg>
<doc>Returns the label of selected option from selection list ``locator``.</doc>
<msg timestamp="20211018 17:42:34.098" level="INFO">${selected} = Loki</msg>
<status status="PASS" starttime="20211018 17:42:34.020" endtime="20211018 17:42:34.098"/>
</kw>
<kw name="Should Be Equal" library="BuiltIn">
<arg>${selected}</arg>
<arg>Loki</arg>
<doc>Fails if the given objects are unequal.</doc>
<status status="PASS" starttime="20211018 17:42:34.098" endtime="20211018 17:42:34.098"/>
</kw>
<kw name="Finish browser" library="resourceWeb" type="TEARDOWN">
<kw name="Capture Page Screenshot" library="SeleniumLibrary">
<doc>Takes a screenshot of the current page and embeds it into a log file.</doc>
<msg timestamp="20211018 17:42:34.358" level="INFO" html="true">&lt;/td&gt;&lt;/tr&gt;&lt;tr&gt;&lt;td colspan="3"&gt;&lt;a href="selenium-screenshot-26.png"&gt;&lt;img src="selenium-screenshot-26.png" width="800px"&gt;&lt;/a&gt;</msg>
<status status="PASS" starttime="20211018 17:42:34.098" endtime="20211018 17:42:34.359"/>
</kw>
<kw name="Close Browser" library="SeleniumLibrary">
<doc>Closes the current browser.</doc>
<status status="PASS" starttime="20211018 17:42:34.359" endtime="20211018 17:42:36.701"/>
</kw>
<status status="PASS" starttime="20211018 17:42:34.098" endtime="20211018 17:42:36.702"/>
</kw>
<status status="PASS" starttime="20211018 17:42:29.440" endtime="20211018 17:42:36.702"/>
</test>
<status status="PASS" starttime="20211018 17:42:21.077" endtime="20211018 17:42:36.703"/>
</suite>
<suite id="s1-s5" name="Tables" source="C:\qaninja\robot\web\test\tables.robot">
<test id="s1-s5-t1" name="Validate the value by low number">
<kw name="Start browser" library="resourceWeb" type="SETUP">
<kw name="Remove File" library="OperatingSystem">
<arg>${files_route}/selenium-screenshot-*.png</arg>
<doc>Removes a file with the given path.</doc>
<msg timestamp="20211018 17:42:36.718" level="INFO" html="true">File '&lt;a href="file://C:\qaninja\robot\qaninjaobotweblog\selenium-screenshot-*.png"&gt;C:\qaninja\robot\qaninjaobotweblog\selenium-screenshot-*.png&lt;/a&gt;' does not exist.</msg>
<status status="PASS" starttime="20211018 17:42:36.717" endtime="20211018 17:42:36.718"/>
</kw>
<kw name="Open Browser" library="SeleniumLibrary">
<arg>${url}</arg>
<arg>${browser}</arg>
<doc>Opens a new browser instance to the optional ``url``.</doc>
<msg timestamp="20211018 17:42:36.719" level="INFO">Opening browser 'chrome' to base url 'https://training-wheels-protocol.herokuapp.com/'.</msg>
<status status="PASS" starttime="20211018 17:42:36.718" endtime="20211018 17:42:41.575"/>
</kw>
<status status="PASS" starttime="20211018 17:42:36.716" endtime="20211018 17:42:41.575"/>
</kw>
<kw name="Go To" library="SeleniumLibrary">
<arg>${url}/tables</arg>
<doc>Navigates the current browser window to the provided ``url``.</doc>
<msg timestamp="20211018 17:42:41.576" level="INFO">Opening url 'https://training-wheels-protocol.herokuapp.com//tables'</msg>
<status status="PASS" starttime="20211018 17:42:41.576" endtime="20211018 17:42:41.940"/>
</kw>
<kw name="Table Row Should Contain" library="SeleniumLibrary">
<arg>id:actors</arg>
<arg>1</arg>
<arg>$ 10.000.000</arg>
<doc>Verifies that table row contains text ``expected``.</doc>
<status status="PASS" starttime="20211018 17:42:41.940" endtime="20211018 17:42:42.010"/>
</kw>
<kw name="Finish browser" library="resourceWeb" type="TEARDOWN">
<kw name="Capture Page Screenshot" library="SeleniumLibrary">
<doc>Takes a screenshot of the current page and embeds it into a log file.</doc>
<msg timestamp="20211018 17:42:42.160" level="INFO" html="true">&lt;/td&gt;&lt;/tr&gt;&lt;tr&gt;&lt;td colspan="3"&gt;&lt;a href="selenium-screenshot-27.png"&gt;&lt;img src="selenium-screenshot-27.png" width="800px"&gt;&lt;/a&gt;</msg>
<status status="PASS" starttime="20211018 17:42:42.010" endtime="20211018 17:42:42.160"/>
</kw>
<kw name="Close Browser" library="SeleniumLibrary">
<doc>Closes the current browser.</doc>
<status status="PASS" starttime="20211018 17:42:42.160" endtime="20211018 17:42:44.307"/>
</kw>
<status status="PASS" starttime="20211018 17:42:42.010" endtime="20211018 17:42:44.307"/>
</kw>
<status status="PASS" starttime="20211018 17:42:36.715" endtime="20211018 17:42:44.307"/>
</test>
<test id="s1-s5-t2" name="Descobre a linha pelo texto chave e valida os demais valores">
<kw name="Start browser" library="resourceWeb" type="SETUP">
<kw name="Remove File" library="OperatingSystem">
<arg>${files_route}/selenium-screenshot-*.png</arg>
<doc>Removes a file with the given path.</doc>
<msg timestamp="20211018 17:42:44.307" level="INFO" html="true">File '&lt;a href="file://C:\qaninja\robot\qaninjaobotweblog\selenium-screenshot-*.png"&gt;C:\qaninja\robot\qaninjaobotweblog\selenium-screenshot-*.png&lt;/a&gt;' does not exist.</msg>
<status status="PASS" starttime="20211018 17:42:44.307" endtime="20211018 17:42:44.307"/>
</kw>
<kw name="Open Browser" library="SeleniumLibrary">
<arg>${url}</arg>
<arg>${browser}</arg>
<doc>Opens a new browser instance to the optional ``url``.</doc>
<msg timestamp="20211018 17:42:44.307" level="INFO">Opening browser 'chrome' to base url 'https://training-wheels-protocol.herokuapp.com/'.</msg>
<status status="PASS" starttime="20211018 17:42:44.307" endtime="20211018 17:42:48.751"/>
</kw>
<status status="PASS" starttime="20211018 17:42:44.307" endtime="20211018 17:42:48.751"/>
</kw>
<kw name="Go To" library="SeleniumLibrary">
<arg>${url}/tables</arg>
<doc>Navigates the current browser window to the provided ``url``.</doc>
<msg timestamp="20211018 17:42:48.752" level="INFO">Opening url 'https://training-wheels-protocol.herokuapp.com//tables'</msg>
<status status="PASS" starttime="20211018 17:42:48.752" endtime="20211018 17:42:49.095"/>
</kw>
<kw name="Get WebElement" library="SeleniumLibrary">
<var>${target}</var>
<arg>xpath:.//tr[contains(.,'@chadwickboseman')]</arg>
<doc>Returns the first WebElement matching the given ``locator``.</doc>
<msg timestamp="20211018 17:42:49.107" level="INFO">${target} = &lt;selenium.webdriver.remote.webelement.WebElement (session="9697eb3051b1b16cb34a84e5facb2b71", element="acba489a-b093-4548-a8e7-d9bc71aee02d")&gt;</msg>
<status status="PASS" starttime="20211018 17:42:49.095" endtime="20211018 17:42:49.107"/>
</kw>
<kw name="Should Contain" library="BuiltIn">
<arg>${target.text}</arg>
<arg>$ 700.000</arg>
<doc>Fails if ``container`` does not contain ``item`` one or more times.</doc>
<status status="PASS" starttime="20211018 17:42:49.107" endtime="20211018 17:42:49.121"/>
</kw>
<kw name="Should Contain" library="BuiltIn">
<arg>${target.text}</arg>
<arg>Pantera Negra</arg>
<doc>Fails if ``container`` does not contain ``item`` one or more times.</doc>
<status status="PASS" starttime="20211018 17:42:49.121" endtime="20211018 17:42:49.131"/>
</kw>
<kw name="Finish browser" library="resourceWeb" type="TEARDOWN">
<kw name="Capture Page Screenshot" library="SeleniumLibrary">
<doc>Takes a screenshot of the current page and embeds it into a log file.</doc>
<msg timestamp="20211018 17:42:49.285" level="INFO" html="true">&lt;/td&gt;&lt;/tr&gt;&lt;tr&gt;&lt;td colspan="3"&gt;&lt;a href="selenium-screenshot-28.png"&gt;&lt;img src="selenium-screenshot-28.png" width="800px"&gt;&lt;/a&gt;</msg>
<status status="PASS" starttime="20211018 17:42:49.131" endtime="20211018 17:42:49.285"/>
</kw>
<kw name="Close Browser" library="SeleniumLibrary">
<doc>Closes the current browser.</doc>
<status status="PASS" starttime="20211018 17:42:49.285" endtime="20211018 17:42:51.461"/>
</kw>
<status status="PASS" starttime="20211018 17:42:49.131" endtime="20211018 17:42:51.461"/>
</kw>
<status status="PASS" starttime="20211018 17:42:44.307" endtime="20211018 17:42:51.461"/>
</test>
<status status="PASS" starttime="20211018 17:42:36.706" endtime="20211018 17:42:51.461"/>
</suite>
<suite id="s1-s6" name="Title" source="C:\qaninja\robot\web\test\title.robot">
<test id="s1-s6-t1" name="Should See Page Title">
<kw name="Start browser" library="resourceWeb" type="SETUP">
<kw name="Remove File" library="OperatingSystem">
<arg>${files_route}/selenium-screenshot-*.png</arg>
<doc>Removes a file with the given path.</doc>
<msg timestamp="20211018 17:42:51.476" level="INFO" html="true">File '&lt;a href="file://C:\qaninja\robot\qaninjaobotweblog\selenium-screenshot-*.png"&gt;C:\qaninja\robot\qaninjaobotweblog\selenium-screenshot-*.png&lt;/a&gt;' does not exist.</msg>
<status status="PASS" starttime="20211018 17:42:51.476" endtime="20211018 17:42:51.476"/>
</kw>
<kw name="Open Browser" library="SeleniumLibrary">
<arg>${url}</arg>
<arg>${browser}</arg>
<doc>Opens a new browser instance to the optional ``url``.</doc>
<msg timestamp="20211018 17:42:51.476" level="INFO">Opening browser 'chrome' to base url 'https://training-wheels-protocol.herokuapp.com/'.</msg>
<status status="PASS" starttime="20211018 17:42:51.476" endtime="20211018 17:42:56.115"/>
</kw>
<status status="PASS" starttime="20211018 17:42:51.476" endtime="20211018 17:42:56.116"/>
</kw>
<kw name="Title Should Be" library="SeleniumLibrary">
<arg>Training Wheels Protocol</arg>
<doc>Verifies that the current page title equals ``title``.</doc>
<msg timestamp="20211018 17:42:56.122" level="INFO">Page title is 'Training Wheels Protocol'.</msg>
<status status="PASS" starttime="20211018 17:42:56.116" endtime="20211018 17:42:56.122"/>
</kw>
<kw name="Finish browser" library="resourceWeb" type="TEARDOWN">
<kw name="Capture Page Screenshot" library="SeleniumLibrary">
<doc>Takes a screenshot of the current page and embeds it into a log file.</doc>
<msg timestamp="20211018 17:42:56.308" level="INFO" html="true">&lt;/td&gt;&lt;/tr&gt;&lt;tr&gt;&lt;td colspan="3"&gt;&lt;a href="selenium-screenshot-29.png"&gt;&lt;img src="selenium-screenshot-29.png" width="800px"&gt;&lt;/a&gt;</msg>
<status status="PASS" starttime="20211018 17:42:56.123" endtime="20211018 17:42:56.308"/>
</kw>
<kw name="Close Browser" library="SeleniumLibrary">
<doc>Closes the current browser.</doc>
<status status="PASS" starttime="20211018 17:42:56.308" endtime="20211018 17:42:58.437"/>
</kw>
<status status="PASS" starttime="20211018 17:42:56.123" endtime="20211018 17:42:58.437"/>
</kw>
<status status="PASS" starttime="20211018 17:42:51.476" endtime="20211018 17:42:58.437"/>
</test>
<status status="PASS" starttime="20211018 17:42:51.461" endtime="20211018 17:42:58.437"/>
</suite>
<status status="PASS" starttime="20211018 17:41:14.596" endtime="20211018 17:42:58.437"/>
</suite>
<statistics>
<total>
<stat pass="13" fail="0" skip="0">All Tests</stat>
</total>
<tag>
<stat pass="1" fail="0" skip="0">ironman</stat>
<stat pass="2" fail="0" skip="0">login_error</stat>
</tag>
<suite>
<stat pass="13" fail="0" skip="0" id="s1" name="Test">Test</stat>
<stat pass="3" fail="0" skip="0" id="s1-s1" name="Checkbox">Test.Checkbox</stat>
<stat pass="3" fail="0" skip="0" id="s1-s2" name="Login">Test.Login</stat>
<stat pass="2" fail="0" skip="0" id="s1-s3" name="Radio">Test.Radio</stat>
<stat pass="2" fail="0" skip="0" id="s1-s4" name="Select">Test.Select</stat>
<stat pass="2" fail="0" skip="0" id="s1-s5" name="Tables">Test.Tables</stat>
<stat pass="1" fail="0" skip="0" id="s1-s6" name="Title">Test.Title</stat>
</suite>
</statistics>
<errors>
</errors>
</robot>
