<?xml version="1.0" encoding="UTF-8"?>
<robot generator="Robot 4.1.1 (Python 3.10.0 on win32)" generated="20211007 15:39:19.322" rpa="false" schemaversion="2">
<suite id="s1" name="Login" source="C:\qaninja\robot\web\tests\login.robot">
<test id="s1-t1" name="Login com sucesso">
<kw name="Nova sessão" library="base" type="SETUP">
<kw name="Open Browser" library="SeleniumLibrary">
<arg>${url}</arg>
<arg>chrome</arg>
<doc>Opens a new browser instance to the optional ``url``.</doc>
<msg timestamp="20211007 15:39:19.629" level="INFO">Opening browser 'chrome' to base url 'https://training-wheels-protocol.herokuapp.com/'.</msg>
<status status="PASS" starttime="20211007 15:39:19.628" endtime="20211007 15:39:24.142"/>
</kw>
<status status="PASS" starttime="20211007 15:39:19.628" endtime="20211007 15:39:24.142"/>
</kw>
<kw name="Go To" library="SeleniumLibrary">
<arg>${url}/login</arg>
<doc>Navigates the current browser window to the provided ``url``.</doc>
<msg timestamp="20211007 15:39:24.142" level="INFO">Opening url 'https://training-wheels-protocol.herokuapp.com//login'</msg>
<status status="PASS" starttime="20211007 15:39:24.142" endtime="20211007 15:39:24.545"/>
</kw>
<kw name="Login With">
<arg>stark</arg>
<arg>jarvis!</arg>
<kw name="Input Text" library="SeleniumLibrary">
<arg>css:input[name=username]</arg>
<arg>${uname}</arg>
<doc>Types the given ``text`` into the text field identified by ``locator``.</doc>
<msg timestamp="20211007 15:39:24.546" level="INFO">Typing text 'stark' into text field 'css:input[name=username]'.</msg>
<status status="PASS" starttime="20211007 15:39:24.545" endtime="20211007 15:39:24.622"/>
</kw>
<kw name="Input Text" library="SeleniumLibrary">
<arg>css:input[name=password]</arg>
<arg>${pass}</arg>
<doc>Types the given ``text`` into the text field identified by ``locator``.</doc>
<msg timestamp="20211007 15:39:24.622" level="INFO">Typing text 'jarvis!' into text field 'css:input[name=password]'.</msg>
<status status="PASS" starttime="20211007 15:39:24.622" endtime="20211007 15:39:24.696"/>
</kw>
<kw name="Click Element" library="SeleniumLibrary">
<arg>class:btn-login</arg>
<doc>Click the element identified by ``locator``.</doc>
<msg timestamp="20211007 15:39:24.697" level="INFO">Clicking element 'class:btn-login'.</msg>
<status status="PASS" starttime="20211007 15:39:24.697" endtime="20211007 15:39:25.133"/>
</kw>
<status status="PASS" starttime="20211007 15:39:24.545" endtime="20211007 15:39:25.133"/>
</kw>
<kw name="Should See Logged User">
<arg>Tony Stark</arg>
<kw name="Page Should Contain" library="SeleniumLibrary">
<arg>Olá, ${full_name}. Você acessou a área logada!</arg>
<doc>Verifies that current page contains ``text``.</doc>
<msg timestamp="20211007 15:39:25.147" level="INFO">Current page contains text 'Olá, Tony Stark. Você acessou a área logada!'.</msg>
<status status="PASS" starttime="20211007 15:39:25.134" endtime="20211007 15:39:25.147"/>
</kw>
<status status="PASS" starttime="20211007 15:39:25.133" endtime="20211007 15:39:25.148"/>
</kw>
<kw name="Encerra sessão" library="base" type="TEARDOWN">
<kw name="Capture Page Screenshot" library="SeleniumLibrary">
<doc>Takes a screenshot of the current page and embeds it into a log file.</doc>
<msg timestamp="20211007 15:39:25.370" level="INFO" html="true">&lt;/td&gt;&lt;/tr&gt;&lt;tr&gt;&lt;td colspan="3"&gt;&lt;a href="selenium-screenshot-41.png"&gt;&lt;img src="selenium-screenshot-41.png" width="800px"&gt;&lt;/a&gt;</msg>
<status status="PASS" starttime="20211007 15:39:25.148" endtime="20211007 15:39:25.370"/>
</kw>
<kw name="Close Browser" library="SeleniumLibrary">
<doc>Closes the current browser.</doc>
<status status="PASS" starttime="20211007 15:39:25.370" endtime="20211007 15:39:27.558"/>
</kw>
<status status="PASS" starttime="20211007 15:39:25.148" endtime="20211007 15:39:27.559"/>
</kw>
<status status="PASS" starttime="20211007 15:39:19.627" endtime="20211007 15:39:27.559"/>
</test>
<test id="s1-t2" name="Senha invalida">
<kw name="Nova sessão" library="base" type="SETUP">
<kw name="Open Browser" library="SeleniumLibrary">
<arg>${url}</arg>
<arg>chrome</arg>
<doc>Opens a new browser instance to the optional ``url``.</doc>
<msg timestamp="20211007 15:39:27.562" level="INFO">Opening browser 'chrome' to base url 'https://training-wheels-protocol.herokuapp.com/'.</msg>
<status status="PASS" starttime="20211007 15:39:27.562" endtime="20211007 15:39:32.773"/>
</kw>
<status status="PASS" starttime="20211007 15:39:27.561" endtime="20211007 15:39:32.773"/>
</kw>
<kw name="Go To" library="SeleniumLibrary">
<arg>${url}/login</arg>
<doc>Navigates the current browser window to the provided ``url``.</doc>
<msg timestamp="20211007 15:39:32.773" level="INFO">Opening url 'https://training-wheels-protocol.herokuapp.com//login'</msg>
<status status="PASS" starttime="20211007 15:39:32.773" endtime="20211007 15:39:33.474"/>
</kw>
<kw name="Login With">
<arg>stark</arg>
<arg>senhainvalida</arg>
<kw name="Input Text" library="SeleniumLibrary">
<arg>css:input[name=username]</arg>
<arg>${uname}</arg>
<doc>Types the given ``text`` into the text field identified by ``locator``.</doc>
<msg timestamp="20211007 15:39:33.475" level="INFO">Typing text 'stark' into text field 'css:input[name=username]'.</msg>
<status status="PASS" starttime="20211007 15:39:33.475" endtime="20211007 15:39:33.553"/>
</kw>
<kw name="Input Text" library="SeleniumLibrary">
<arg>css:input[name=password]</arg>
<arg>${pass}</arg>
<doc>Types the given ``text`` into the text field identified by ``locator``.</doc>
<msg timestamp="20211007 15:39:33.553" level="INFO">Typing text 'senhainvalida' into text field 'css:input[name=password]'.</msg>
<status status="PASS" starttime="20211007 15:39:33.553" endtime="20211007 15:39:33.633"/>
</kw>
<kw name="Click Element" library="SeleniumLibrary">
<arg>class:btn-login</arg>
<doc>Click the element identified by ``locator``.</doc>
<msg timestamp="20211007 15:39:33.634" level="INFO">Clicking element 'class:btn-login'.</msg>
<status status="PASS" starttime="20211007 15:39:33.633" endtime="20211007 15:39:34.016"/>
</kw>
<status status="PASS" starttime="20211007 15:39:33.474" endtime="20211007 15:39:34.017"/>
</kw>
<kw name="Should Contain Login Alert">
<arg>Senha é invalida</arg>
<kw name="Get WebElement" library="SeleniumLibrary">
<var>${message}</var>
<arg>id:flash</arg>
<doc>Returns the first WebElement matching the given ``locator``.</doc>
<msg timestamp="20211007 15:39:34.028" level="INFO">${message} = &lt;selenium.webdriver.remote.webelement.WebElement (session="41771607860f863f4dc955008671e7cb", element="1d8a5351-925a-4f7c-a16e-9f65138fb10f")&gt;</msg>
<status status="PASS" starttime="20211007 15:39:34.018" endtime="20211007 15:39:34.029"/>
</kw>
<kw name="Should Contain" library="BuiltIn">
<arg>${message.text}</arg>
<arg>${expect_message}</arg>
<doc>Fails if ``container`` does not contain ``item`` one or more times.</doc>
<status status="PASS" starttime="20211007 15:39:34.029" endtime="20211007 15:39:34.042"/>
</kw>
<status status="PASS" starttime="20211007 15:39:34.017" endtime="20211007 15:39:34.042"/>
</kw>
<kw name="Encerra sessão" library="base" type="TEARDOWN">
<kw name="Capture Page Screenshot" library="SeleniumLibrary">
<doc>Takes a screenshot of the current page and embeds it into a log file.</doc>
<msg timestamp="20211007 15:39:34.255" level="INFO" html="true">&lt;/td&gt;&lt;/tr&gt;&lt;tr&gt;&lt;td colspan="3"&gt;&lt;a href="selenium-screenshot-42.png"&gt;&lt;img src="selenium-screenshot-42.png" width="800px"&gt;&lt;/a&gt;</msg>
<status status="PASS" starttime="20211007 15:39:34.043" endtime="20211007 15:39:34.255"/>
</kw>
<kw name="Close Browser" library="SeleniumLibrary">
<doc>Closes the current browser.</doc>
<status status="PASS" starttime="20211007 15:39:34.255" endtime="20211007 15:39:36.458"/>
</kw>
<status status="PASS" starttime="20211007 15:39:34.043" endtime="20211007 15:39:36.458"/>
</kw>
<tag>login_error</tag>
<status status="PASS" starttime="20211007 15:39:27.560" endtime="20211007 15:39:36.458"/>
</test>
<test id="s1-t3" name="Usuário não existe">
<kw name="Nova sessão" library="base" type="SETUP">
<kw name="Open Browser" library="SeleniumLibrary">
<arg>${url}</arg>
<arg>chrome</arg>
<doc>Opens a new browser instance to the optional ``url``.</doc>
<msg timestamp="20211007 15:39:36.460" level="INFO">Opening browser 'chrome' to base url 'https://training-wheels-protocol.herokuapp.com/'.</msg>
<status status="PASS" starttime="20211007 15:39:36.460" endtime="20211007 15:39:42.571"/>
</kw>
<status status="PASS" starttime="20211007 15:39:36.459" endtime="20211007 15:39:42.572"/>
</kw>
<kw name="Go To" library="SeleniumLibrary">
<arg>${url}/login</arg>
<doc>Navigates the current browser window to the provided ``url``.</doc>
<msg timestamp="20211007 15:39:42.573" level="INFO">Opening url 'https://training-wheels-protocol.herokuapp.com//login'</msg>
<status status="PASS" starttime="20211007 15:39:42.572" endtime="20211007 15:39:43.222"/>
</kw>
<kw name="Login With">
<arg>usuarioinvalido</arg>
<arg>jarvis!</arg>
<kw name="Input Text" library="SeleniumLibrary">
<arg>css:input[name=username]</arg>
<arg>${uname}</arg>
<doc>Types the given ``text`` into the text field identified by ``locator``.</doc>
<msg timestamp="20211007 15:39:43.223" level="INFO">Typing text 'usuarioinvalido' into text field 'css:input[name=username]'.</msg>
<status status="PASS" starttime="20211007 15:39:43.223" endtime="20211007 15:39:43.308"/>
</kw>
<kw name="Input Text" library="SeleniumLibrary">
<arg>css:input[name=password]</arg>
<arg>${pass}</arg>
<doc>Types the given ``text`` into the text field identified by ``locator``.</doc>
<msg timestamp="20211007 15:39:43.309" level="INFO">Typing text 'jarvis!' into text field 'css:input[name=password]'.</msg>
<status status="PASS" starttime="20211007 15:39:43.309" endtime="20211007 15:39:43.382"/>
</kw>
<kw name="Click Element" library="SeleniumLibrary">
<arg>class:btn-login</arg>
<doc>Click the element identified by ``locator``.</doc>
<msg timestamp="20211007 15:39:43.382" level="INFO">Clicking element 'class:btn-login'.</msg>
<status status="PASS" starttime="20211007 15:39:43.382" endtime="20211007 15:39:44.123"/>
</kw>
<status status="PASS" starttime="20211007 15:39:43.222" endtime="20211007 15:39:44.123"/>
</kw>
<kw name="Should Contain Login Alert">
<arg>O usuário informado não está cadastrado</arg>
<kw name="Get WebElement" library="SeleniumLibrary">
<var>${message}</var>
<arg>id:flash</arg>
<doc>Returns the first WebElement matching the given ``locator``.</doc>
<msg timestamp="20211007 15:39:44.188" level="INFO">${message} = &lt;selenium.webdriver.remote.webelement.WebElement (session="091126b9eb6b814aa50ca10e2d780ede", element="a731275d-1e21-4fee-827f-2bc7220bfa4f")&gt;</msg>
<status status="PASS" starttime="20211007 15:39:44.124" endtime="20211007 15:39:44.188"/>
</kw>
<kw name="Should Contain" library="BuiltIn">
<arg>${message.text}</arg>
<arg>${expect_message}</arg>
<doc>Fails if ``container`` does not contain ``item`` one or more times.</doc>
<status status="PASS" starttime="20211007 15:39:44.188" endtime="20211007 15:39:44.202"/>
</kw>
<status status="PASS" starttime="20211007 15:39:44.124" endtime="20211007 15:39:44.203"/>
</kw>
<kw name="Encerra sessão" library="base" type="TEARDOWN">
<kw name="Capture Page Screenshot" library="SeleniumLibrary">
<doc>Takes a screenshot of the current page and embeds it into a log file.</doc>
<msg timestamp="20211007 15:39:44.384" level="INFO" html="true">&lt;/td&gt;&lt;/tr&gt;&lt;tr&gt;&lt;td colspan="3"&gt;&lt;a href="selenium-screenshot-43.png"&gt;&lt;img src="selenium-screenshot-43.png" width="800px"&gt;&lt;/a&gt;</msg>
<status status="PASS" starttime="20211007 15:39:44.204" endtime="20211007 15:39:44.384"/>
</kw>
<kw name="Close Browser" library="SeleniumLibrary">
<doc>Closes the current browser.</doc>
<status status="PASS" starttime="20211007 15:39:44.384" endtime="20211007 15:39:46.576"/>
</kw>
<status status="PASS" starttime="20211007 15:39:44.203" endtime="20211007 15:39:46.576"/>
</kw>
<tag>login_error</tag>
<status status="PASS" starttime="20211007 15:39:36.459" endtime="20211007 15:39:46.576"/>
</test>
<status status="PASS" starttime="20211007 15:39:19.324" endtime="20211007 15:39:46.577"/>
</suite>
<statistics>
<total>
<stat pass="3" fail="0" skip="0">All Tests</stat>
</total>
<tag>
<stat pass="2" fail="0" skip="0">login_error</stat>
</tag>
<suite>
<stat pass="3" fail="0" skip="0" id="s1" name="Login">Login</stat>
</suite>
</statistics>
<errors>
</errors>
</robot>
