<?xml version="1.0" encoding="UTF-8"?>
<robot generator="Robot 4.1.1 (Python 3.10.0 on win32)" generated="20211006 14:58:15.335" rpa="false" schemaversion="2">
<suite id="s1" name="Test" source="C:\qaninja\robot\test.robot">
<test id="s1-t1" name="Deve retornar mensagem de boas vindas">
<kw name="Welcome" library="app">
<var>${result}</var>
<arg>Pedro</arg>
<msg timestamp="20211006 14:58:15.385" level="INFO">${result} = Olá Pedro, bem vindo a LionX!</msg>
<status status="PASS" starttime="20211006 14:58:15.385" endtime="20211006 14:58:15.385"/>
</kw>
<kw name="Should Be Equal" library="BuiltIn">
<arg>${result}</arg>
<arg>Olá Pedro, bem vindo a LionX!</arg>
<doc>Fails if the given objects are unequal.</doc>
<status status="PASS" starttime="20211006 14:58:15.386" endtime="20211006 14:58:15.386"/>
</kw>
<status status="PASS" starttime="20211006 14:58:15.384" endtime="20211006 14:58:15.386"/>
</test>
<status status="PASS" starttime="20211006 14:58:15.337" endtime="20211006 14:58:15.387"/>
</suite>
<statistics>
<total>
<stat pass="1" fail="0" skip="0">All Tests</stat>
</total>
<tag>
</tag>
<suite>
<stat pass="1" fail="0" skip="0" id="s1" name="Test">Test</stat>
</suite>
</statistics>
<errors>
</errors>
</robot>
